{"timestamp":"2026-06-03T23:18:00.890500Z","level":"info","event":"::group::Pre Execute","logger":"task","filename":"task_runner.py","lineno":1926}
{"timestamp":"2026-06-03T23:18:01.039943Z","level":"info","event":"setup plugin alembic.autogenerate.schemas","logger":"alembic.runtime.plugins","run_id":"manual__2026-06-03T23:17:52.974830+00:00","try_number":1,"ti_id":"019e8fc7-70f7-7204-866a-66f3b4a2e886","map_index":-1,"task_id":"print_greetings","dag_id":"example_params_trigger_ui","filename":"plugins.py","lineno":37}
{"timestamp":"2026-06-03T23:18:01.040148Z","level":"info","event":"setup plugin alembic.autogenerate.tables","logger":"alembic.runtime.plugins","run_id":"manual__2026-06-03T23:17:52.974830+00:00","try_number":1,"ti_id":"019e8fc7-70f7-7204-866a-66f3b4a2e886","map_index":-1,"task_id":"print_greetings","dag_id":"example_params_trigger_ui","filename":"plugins.py","lineno":37}
{"timestamp":"2026-06-03T23:18:01.040216Z","level":"info","event":"setup plugin alembic.autogenerate.types","logger":"alembic.runtime.plugins","run_id":"manual__2026-06-03T23:17:52.974830+00:00","try_number":1,"ti_id":"019e8fc7-70f7-7204-866a-66f3b4a2e886","map_index":-1,"task_id":"print_greetings","dag_id":"example_params_trigger_ui","filename":"plugins.py","lineno":37}
{"timestamp":"2026-06-03T23:18:01.040408Z","level":"info","event":"setup plugin alembic.autogenerate.constraints","logger":"alembic.runtime.plugins","run_id":"manual__2026-06-03T23:17:52.974830+00:00","try_number":1,"ti_id":"019e8fc7-70f7-7204-866a-66f3b4a2e886","map_index":-1,"task_id":"print_greetings","dag_id":"example_params_trigger_ui","filename":"plugins.py","lineno":37}
{"timestamp":"2026-06-03T23:18:01.040467Z","level":"info","event":"setup plugin alembic.autogenerate.defaults","logger":"alembic.runtime.plugins","run_id":"manual__2026-06-03T23:17:52.974830+00:00","try_number":1,"ti_id":"019e8fc7-70f7-7204-866a-66f3b4a2e886","map_index":-1,"task_id":"print_greetings","dag_id":"example_params_trigger_ui","filename":"plugins.py","lineno":37}
{"timestamp":"2026-06-03T23:18:01.040519Z","level":"info","event":"setup plugin alembic.autogenerate.comments","logger":"alembic.runtime.plugins","run_id":"manual__2026-06-03T23:17:52.974830+00:00","try_number":1,"ti_id":"019e8fc7-70f7-7204-866a-66f3b4a2e886","map_index":-1,"task_id":"print_greetings","dag_id":"example_params_trigger_ui","filename":"plugins.py","lineno":37}
{"timestamp":"2026-06-03T23:18:01.083449Z","level":"warning","event":"Could not import pandas. Holidays will not be considered.","logger":"airflow.example_dags.plugins.workday","run_id":"manual__2026-06-03T23:17:52.974830+00:00","try_number":1,"ti_id":"019e8fc7-70f7-7204-866a-66f3b4a2e886","map_index":-1,"task_id":"print_greetings","dag_id":"example_params_trigger_ui","filename":"workday.py","lineno":41}
{"timestamp":"2026-06-03T23:18:01.228623Z","level":"info","event":"DAG bundles loaded: dags-folder, example_dags","run_id":"manual__2026-06-03T23:17:52.974830+00:00","try_number":1,"ti_id":"019e8fc7-70f7-7204-866a-66f3b4a2e886","map_index":-1,"task_id":"print_greetings","dag_id":"example_params_trigger_ui","logger":"airflow.dag_processing.bundles.manager.DagBundlesManager","filename":"manager.py","lineno":209}
{"timestamp":"2026-06-03T23:18:01.229047Z","level":"info","event":"Filling up the DagBag from /home/hdoop/big-data-learning-environment-linux-hadoop/projects/ETL_Airflow_Hive_Prediccion-Estancia-Hospitalaria-LOS-Python/Airflow_Hive/lib/python3.14/site-packages/airflow/example_dags/example_params_trigger_ui.py","run_id":"manual__2026-06-03T23:17:52.974830+00:00","try_number":1,"ti_id":"019e8fc7-70f7-7204-866a-66f3b4a2e886","map_index":-1,"task_id":"print_greetings","dag_id":"example_params_trigger_ui","logger":"airflow.dag_processing.dagbag.BundleDagBag","filename":"dagbag.py","lineno":469}
{"timestamp":"2026-06-03T23:18:01.313567Z","level":"info","event":"Task instance is in running state","logger":"task.stdout"}
{"timestamp":"2026-06-03T23:18:01.313798Z","level":"info","event":" Previous state of the Task instance: TaskInstanceState.QUEUED","logger":"task.stdout"}
{"timestamp":"2026-06-03T23:18:01.316411Z","level":"info","event":"Current task name:print_greetings","logger":"task.stdout"}
{"timestamp":"2026-06-03T23:18:01.316535Z","level":"info","event":"Dag name:example_params_trigger_ui","logger":"task.stdout"}
{"timestamp":"2026-06-03T23:18:01.316392Z","level":"info","event":"::endgroup::","run_id":"manual__2026-06-03T23:17:52.974830+00:00","try_number":1,"ti_id":"019e8fc7-70f7-7204-866a-66f3b4a2e886","map_index":-1,"task_id":"print_greetings","dag_id":"example_params_trigger_ui","logger":"task","filename":"task_runner.py","lineno":1727}
{"timestamp":"2026-06-03T23:18:01.340703Z","level":"info","event":"Hello Linda!","logger":"task.stdout"}
{"timestamp":"2026-06-03T23:18:01.347746Z","level":"info","event":"Hello Martha!","logger":"task.stdout"}
{"timestamp":"2026-06-03T23:18:01.352658Z","level":"info","event":"Hello Thomas!","logger":"task.stdout"}
{"timestamp":"2026-06-03T23:18:01.369452Z","level":"info","event":"Sehr geehrter Herr/Frau Linda.","logger":"task.stdout"}
{"timestamp":"2026-06-03T23:18:01.374874Z","level":"info","event":"Sehr geehrter Herr/Frau Martha.","logger":"task.stdout"}
{"timestamp":"2026-06-03T23:18:01.381660Z","level":"info","event":"Sehr geehrter Herr/Frau Thomas.","logger":"task.stdout"}
{"timestamp":"2026-06-03T23:18:01.417766Z","level":"info","event":"Bonjour Linda!","logger":"task.stdout"}
{"timestamp":"2026-06-03T23:18:01.422735Z","level":"info","event":"Bonjour Martha!","logger":"task.stdout"}
{"timestamp":"2026-06-03T23:18:01.429151Z","level":"info","event":"Bonjour Thomas!","logger":"task.stdout"}
{"timestamp":"2026-06-03T23:18:01.434545Z","level":"info","event":"Done. Returned value was: None","run_id":"manual__2026-06-03T23:17:52.974830+00:00","try_number":1,"ti_id":"019e8fc7-70f7-7204-866a-66f3b4a2e886","map_index":-1,"task_id":"print_greetings","dag_id":"example_params_trigger_ui","logger":"airflow.task.operators.airflow.providers.standard.decorators.python._PythonDecoratedOperator","filename":"python.py","lineno":233}
{"timestamp":"2026-06-03T23:18:01.434752Z","level":"info","event":"::group::Post Execute","run_id":"manual__2026-06-03T23:17:52.974830+00:00","try_number":1,"ti_id":"019e8fc7-70f7-7204-866a-66f3b4a2e886","map_index":-1,"task_id":"print_greetings","dag_id":"example_params_trigger_ui","logger":"task","filename":"task_runner.py","lineno":1288}
{"timestamp":"2026-06-03T23:18:01.449278Z","level":"info","event":"Task instance in success state","logger":"task.stdout"}
{"timestamp":"2026-06-03T23:18:01.449434Z","level":"info","event":" Previous state of the Task instance: TaskInstanceState.RUNNING","logger":"task.stdout"}
{"timestamp":"2026-06-03T23:18:01.451654Z","level":"info","event":"Task operator:<Task(_PythonDecoratedOperator): print_greetings>","logger":"task.stdout"}
{"timestamp":"2026-06-03T23:18:01.451613Z","level":"info","event":"::endgroup::","run_id":"manual__2026-06-03T23:17:52.974830+00:00","try_number":1,"ti_id":"019e8fc7-70f7-7204-866a-66f3b4a2e886","map_index":-1,"task_id":"print_greetings","dag_id":"example_params_trigger_ui","logger":"task","filename":"task_runner.py","lineno":1896}
